<?xml version="1.0" encoding="UTF-8"?>
<!-- Generated by org.testng.reporters.JUnitReportReporter -->
<testsuite hostname="INBLRWIT215776" name="com.volvo.fcs.PrepareEquipment" tests="6" failures="0" timestamp="3 Aug 2016 12:28:03 GMT" time="6.349" errors="0">
  <testcase name="AdminstratorTab" time="0.391" classname="com.volvo.fcs.PrepareEquipment"/>
  <testcase name="EquipmentDetails" time="1.396" classname="com.volvo.fcs.PrepareEquipment"/>
  <testcase name="SaveEquipment" time="0.276" classname="com.volvo.fcs.PrepareEquipment"/>
  <testcase name="PrepareEquipmentPage" time="0.758" classname="com.volvo.fcs.PrepareEquipment"/>
  <testcase name="ClickingAddEquipmentButton" time="2.682" classname="com.volvo.fcs.PrepareEquipment"/>
  <testcase name="DeleteEquipment" time="0.846" classname="com.volvo.fcs.PrepareEquipment"/>
</testsuite> <!-- com.volvo.fcs.PrepareEquipment -->
