<?xml version="1.0" encoding="UTF-8"?>
<!-- Generated by org.testng.reporters.JUnitReportReporter -->
<testsuite hostname="INBLRWIT215776" name="testNGClass.PrepareEquipment" tests="6" failures="0" timestamp="22 Aug 2016 07:03:58 GMT" time="5.678" errors="0">
  <testcase name="AdministratorTab" time="0.549" classname="testNGClass.PrepareEquipment"/>
  <testcase name="SaveEquipment" time="0.255" classname="testNGClass.PrepareEquipment"/>
  <testcase name="ClickingAddEquipmentButton" time="2.627" classname="testNGClass.PrepareEquipment"/>
  <testcase name="PrepareEquipmentPage" time="0.201" classname="testNGClass.PrepareEquipment"/>
  <testcase name="EquipmentDetails" time="1.040" classname="testNGClass.PrepareEquipment"/>
  <testcase name="DeleteEquipment" time="1.006" classname="testNGClass.PrepareEquipment"/>
</testsuite> <!-- testNGClass.PrepareEquipment -->
