<?xml version="1.0" encoding="UTF-8"?>
<!-- Generated by org.testng.reporters.JUnitReportReporter -->
<testsuite hostname="INBLRWIT215776" name="com.volvo.fcs.OpenBrowser" tests="1" failures="0" timestamp="14 Jul 2016 07:23:28 GMT" time="59.689" errors="0">
  <testcase name="MozillaBrowserOpen" time="59.689" classname="com.volvo.fcs.OpenBrowser"/>
</testsuite> <!-- com.volvo.fcs.OpenBrowser -->
