<?xml version="1.0" encoding="UTF-8"?>
<!-- Generated by org.testng.reporters.JUnitReportReporter -->
<testsuite hostname="INBLRWIT215776" name="testNGClass.ManagementAlarms" tests="2" failures="0" timestamp="17 Aug 2016 09:54:53 GMT" time="0.774" errors="0">
  <testcase name="ManagementTab" time="0.543" classname="testNGClass.ManagementAlarms"/>
  <testcase name="AlarmPage" time="0.231" classname="testNGClass.ManagementAlarms"/>
</testsuite> <!-- testNGClass.ManagementAlarms -->
